<?xml version="1.0" encoding="UTF-8"?>
<!-- Generated by org.testng.reporters.JUnitReportReporter -->
<testsuite hostname="SarojPulajwar" failures="0" tests="1" name="com.testLayer.FirstBuyAndSellTest" time="53.488" errors="0" timestamp="2022-10-28T19:19:41 IST" skipped="0">
  <testcase classname="com.testLayer.FirstBuyAndSellTest" name="verifyFirstBuyAndSell" time="53.488"/>
  <system-out/>
</testsuite> <!-- com.testLayer.FirstBuyAndSellTest -->
