<?xml version="1.0" encoding="UTF-8"?>
<!-- Generated by org.testng.reporters.JUnitReportReporter -->
<testsuite hostname="SarojPulajwar" failures="0" tests="1" name="com.testLayer.PrintPortfolioDataTest" time="16.036" errors="0" timestamp="2022-10-26T20:57:21 IST" skipped="0">
  <testcase classname="com.testLayer.PrintPortfolioDataTest" name="printPortfolioData" time="16.036"/>
  <system-out/>
</testsuite> <!-- com.testLayer.PrintPortfolioDataTest -->
