<?xml version="1.0" encoding="UTF-8"?>
<!-- Generated by org.testng.reporters.JUnitReportReporter -->
<testsuite hostname="SarojPulajwar" failures="0" tests="1" name="com.testLayer.LogoVerifyTest" time="21.743" errors="0" timestamp="2022-10-28T20:31:28 IST" skipped="0">
  <testcase classname="com.testLayer.LogoVerifyTest" name="verifyAppLogoTest" time="21.743"/>
  <system-out/>
</testsuite> <!-- com.testLayer.LogoVerifyTest -->
