<?xml version="1.0" encoding="UTF-8"?>
<!-- Generated by org.testng.reporters.JUnitReportReporter -->
<testsuite hostname="SarojPulajwar" failures="0" tests="1" name="com.testLayer.SearchNseListedCompanyTest" time="27.002" errors="0" timestamp="2022-10-29T09:21:29 IST" skipped="0">
  <testcase classname="com.testLayer.SearchNseListedCompanyTest" name="clickOnPreferredCompany" time="27.002"/>
  <system-out/>
</testsuite> <!-- com.testLayer.SearchNseListedCompanyTest -->
