<?xml version="1.0" encoding="UTF-8"?>
<!-- Generated by org.testng.reporters.JUnitReportReporter -->
<testsuite hostname="SarojPulajwar" failures="0" tests="1" name="com.testLayer.BuyIntradayLimitOrderTest" time="23.672" errors="0" timestamp="2022-10-28T15:05:37 IST" skipped="0">
  <testcase classname="com.testLayer.BuyIntradayLimitOrderTest" name="buyIntradayLimitOrder" time="23.672"/>
  <system-out/>
</testsuite> <!-- com.testLayer.BuyIntradayLimitOrderTest -->
