<?xml version="1.0" encoding="UTF-8"?>
<!-- Generated by org.testng.reporters.JUnitReportReporter -->
<testsuite hostname="SarojPulajwar" failures="0" tests="1" name="com.testLayer.PrintLatestTransactionTest" time="21.448" errors="0" timestamp="2022-10-28T22:41:47 IST" skipped="0">
  <testcase classname="com.testLayer.PrintLatestTransactionTest" name="printLatestTransactions" time="21.448"/>
  <system-out/>
</testsuite> <!-- com.testLayer.PrintLatestTransactionTest -->
