<?xml version="1.0" encoding="UTF-8"?>
<!-- Generated by org.testng.reporters.JUnitReportReporter -->
<testsuite hostname="SarojPulajwar" failures="0" tests="1" name="com.testLayer.flacttuationOfGraphTest" time="36.677" errors="0" timestamp="2022-10-28T20:41:22 IST" skipped="0">
  <testcase classname="com.testLayer.flacttuationOfGraphTest" name="veriFyFlacttuationOfGraph" time="36.677"/>
  <system-out/>
</testsuite> <!-- com.testLayer.flacttuationOfGraphTest -->
