<?xml version="1.0" encoding="UTF-8"?>
<!-- Generated by org.testng.reporters.JUnitReportReporter -->
<testsuite hostname="SarojPulajwar" failures="0" tests="1" name="com.testLayer.BuyLongTermMarketOrderTest" time="14.470" errors="0" timestamp="2022-10-27T07:44:40 IST" skipped="0">
  <testcase classname="com.testLayer.BuyLongTermMarketOrderTest" name="buyLongTermMarketOrder" time="14.470"/>
  <system-out/>
</testsuite> <!-- com.testLayer.BuyLongTermMarketOrderTest -->
