<?xml version="1.0" encoding="UTF-8"?>
<!-- Generated by org.testng.reporters.JUnitReportReporter -->
<testsuite hostname="SarojPulajwar" failures="0" tests="1" name="com.testLayer.LoginTest" time="22.075" errors="0" timestamp="2022-10-29T10:49:18 IST" skipped="0">
  <testcase classname="com.testLayer.LoginTest" name="verifyLoginTest" time="22.075"/>
  <system-out/>
</testsuite> <!-- com.testLayer.LoginTest -->
