<?xml version="1.0" encoding="UTF-8"?>
<!-- Generated by org.testng.reporters.JUnitReportReporter -->
<testsuite hostname="SarojPulajwar" failures="0" tests="1" name="com.testLayer.PracticeTest" time="27.123" errors="0" timestamp="2022-10-28T18:02:00 IST" skipped="0">
  <testcase classname="com.testLayer.PracticeTest" name="logo" time="27.123"/>
  <system-out/>
</testsuite> <!-- com.testLayer.PracticeTest -->
