<?xml version="1.0" encoding="UTF-8"?>
<!-- Generated by org.testng.reporters.JUnitReportReporter -->
<testsuite hostname="SarojPulajwar" failures="0" tests="1" name="com.testLayer.SearchNseListedCompany" time="6.117" errors="0" timestamp="2022-10-25T18:49:00 IST" skipped="0">
  <testcase classname="com.testLayer.SearchNseListedCompany" name="clickOnPreferredCompany" time="6.117"/>
  <system-out/>
</testsuite> <!-- com.testLayer.SearchNseListedCompany -->
