<?xml version="1.0" encoding="UTF-8"?>
<!-- Generated by org.testng.reporters.JUnitReportReporter -->
<testsuite hostname="SarojPulajwar" failures="0" tests="1" name="com.testLayer.CheckBalanceTest" time="19.760" errors="0" timestamp="2022-10-29T00:05:29 IST" skipped="0">
  <testcase classname="com.testLayer.CheckBalanceTest" name="printBalance" time="19.760"/>
  <system-out/>
</testsuite> <!-- com.testLayer.CheckBalanceTest -->
