<?xml version="1.0" encoding="UTF-8"?>
<!-- Generated by org.testng.reporters.JUnitReportReporter -->
<testsuite hostname="SarojPulajwar" failures="0" tests="1" name="com.testLayer.SellIntradayMarketOrderTest" time="19.818" errors="0" timestamp="2022-10-28T09:54:20 IST" skipped="0">
  <testcase classname="com.testLayer.SellIntradayMarketOrderTest" name="sellIntradayMarketOrder" time="19.818"/>
  <system-out/>
</testsuite> <!-- com.testLayer.SellIntradayMarketOrderTest -->
