<?xml version="1.0" encoding="UTF-8"?>
<!-- Generated by org.testng.reporters.JUnitReportReporter -->
<testsuite hostname="SarojPulajwar" failures="0" tests="1" name="com.testBase.TestBase" time="23.124" errors="0" timestamp="2022-10-21T15:39:07 IST" skipped="0">
  <testcase classname="com.testBase.TestBase" name="setup" time="23.124"/>
  <system-out/>
</testsuite> <!-- com.testBase.TestBase -->
