<?xml version="1.0" encoding="UTF-8"?>
<!-- Generated by org.testng.reporters.JUnitReportReporter -->
<testsuite hostname="SarojPulajwar" failures="0" tests="1" name="com.testLayer.VerifyPageNavigationTest" time="59.810" errors="0" timestamp="2022-10-28T23:42:47 IST" skipped="0">
  <testcase classname="com.testLayer.VerifyPageNavigationTest" name="verifyPageNavigation" time="59.810"/>
  <system-out/>
</testsuite> <!-- com.testLayer.VerifyPageNavigationTest -->
