<?xml version="1.0" encoding="UTF-8"?>
<!-- Generated by org.testng.reporters.JUnitReportReporter -->
<testsuite hostname="SarojPulajwar" failures="0" tests="1" name="com.testLayer.SellLongTermMarketOrderTest" time="20.482" errors="0" timestamp="2022-10-27T07:27:21 IST" skipped="0">
  <testcase classname="com.testLayer.SellLongTermMarketOrderTest" name="sellLongTermMarketOrder" time="20.482"/>
  <system-out/>
</testsuite> <!-- com.testLayer.SellLongTermMarketOrderTest -->
