<?xml version="1.0" encoding="UTF-8"?>
<!-- Generated by org.testng.reporters.JUnitReportReporter -->
<testsuite hostname="Atul-PC" failures="0" tests="4" name="sdet.PriorityTCs" time="0.024" errors="0" timestamp="2022-10-09T20:34:04 IST" skipped="1">
  <testcase classname="sdet.PriorityTCs" name="testOne" time="0.017"/>
  <system-out/>
  <testcase classname="sdet.PriorityTCs" name="testTwo" time="0.003"/>
  <system-out/>
  <testcase classname="sdet.PriorityTCs" name="testFour" time="0.004"/>
  <system-out/>
  <testcase classname="sdet.PriorityTCs" name="testThree">
    <skipped/>
  </testcase> <!-- testThree -->
  <system-out/>
</testsuite> <!-- sdet.PriorityTCs -->
