<?xml version="1.0" encoding="UTF-8"?>
<!-- Generated by org.testng.reporters.JUnitReportReporter -->
<testsuite hostname="Atul-PC" failures="0" tests="1" name="pomTest.ActiTimeTest" time="2.356" errors="0" timestamp="2022-10-09T21:51:59 IST" skipped="0">
  <testcase classname="pomTest.ActiTimeTest" name="testingLogo" time="2.356"/>
  <system-out/>
</testsuite> <!-- pomTest.ActiTimeTest -->
