<?xml version="1.0" encoding="UTF-8"?>
<!-- Generated by org.testng.reporters.JUnitReportReporter -->
<testsuite hostname="Atul-PC" failures="0" tests="2" name="sdet.TC2" time="0.022" errors="0" timestamp="2022-10-09T20:16:16 IST" skipped="0">
  <testcase classname="sdet.TC2" name="test4" time="0.010"/>
  <system-out/>
  <testcase classname="sdet.TC2" name="test3" time="0.012"/>
  <system-out/>
</testsuite> <!-- sdet.TC2 -->
