<?xml version="1.0" encoding="UTF-8"?>
<!-- Generated by org.testng.reporters.JUnitReportReporter -->
<testsuite hostname="Atul-PC" failures="0" tests="8" name="sdet.Keywords" time="0.047" errors="0" timestamp="2022-10-10T12:12:55 IST" skipped="1">
  <testcase classname="sdet.Keywords" name="testOne" time="0.024"/>
  <system-out/>
  <testcase classname="sdet.Keywords" name="testTwo" time="0.003"/>
  <system-out/>
  <testcase classname="sdet.Keywords" name="testFour" time="0.004"/>
  <system-out/>
  <testcase classname="sdet.Keywords" name="testFive" time="0.002"/>
  <system-out/>
  <testcase classname="sdet.Keywords" name="testFive" time="0.006"/>
  <system-out/>
  <testcase classname="sdet.Keywords" name="testFive" time="0.005"/>
  <system-out/>
  <testcase classname="sdet.Keywords" name="testSix" time="0.003"/>
  <system-out/>
  <testcase classname="sdet.Keywords" name="testThree">
    <skipped/>
  </testcase> <!-- testThree -->
  <system-out/>
</testsuite> <!-- sdet.Keywords -->
