<?xml version="1.0" encoding="UTF-8"?>
<!-- Generated by org.testng.reporters.JUnitReportReporter -->
<testsuite hostname="Atul-PC" failures="0" tests="3" name="pomTest.HRMTest" time="10.577" errors="0" timestamp="2022-10-10T12:33:05 IST" skipped="0">
  <testcase classname="pomTest.HRMTest" name="verifyProfile" time="3.426"/>
  <system-out/>
  <testcase classname="pomTest.HRMTest" name="seeReports" time="6.058"/>
  <system-out/>
  <testcase classname="pomTest.HRMTest" name="information" time="1.093"/>
  <system-out/>
</testsuite> <!-- pomTest.HRMTest -->
