<?xml version="1.0" encoding="UTF-8"?>
<!-- Generated by org.testng.reporters.JUnitReportReporter -->
<testsuite hostname="Atul-PC" failures="0" tests="2" name="sdet.TC1" time="0.027" errors="0" timestamp="2022-10-09T20:16:16 IST" skipped="0">
  <testcase classname="sdet.TC1" name="test1" time="0.019"/>
  <system-out/>
  <testcase classname="sdet.TC1" name="test2" time="0.008"/>
  <system-out/>
</testsuite> <!-- sdet.TC1 -->
