<?xml version="1.0" encoding="UTF-8"?>
<!-- Generated by org.testng.reporters.JUnitReportReporter -->
<testsuite hostname="Atul-PC" failures="0" tests="1" name="com.test.LoginTest" time="16.663" errors="0" timestamp="2023-02-07T13:56:22 IST" skipped="0">
  <testcase classname="com.test.LoginTest" name="Login" time="16.663"/>
  <system-out/>
</testsuite> <!-- com.test.LoginTest -->
