<?xml version="1.0" encoding="UTF-8"?>
<!-- Generated by org.testng.reporters.JUnitReportReporter -->
<testsuite hostname="Atul-PC" failures="0" tests="1" name="com.testLayer.LoginpageTest" time="22.030" errors="0" timestamp="2022-11-15T23:22:07 IST" skipped="0">
  <testcase classname="com.testLayer.LoginpageTest" name="verifyLoginTest" time="22.030"/>
  <system-out/>
</testsuite> <!-- com.testLayer.LoginpageTest -->
