<?xml version="1.0" encoding="UTF-8"?>
<!-- Generated by org.testng.reporters.JUnitReportReporter -->
<testsuite hostname="Atul-PC" failures="0" tests="1" name="com.testLayer.CreateAccountTest" time="41.534" errors="0" timestamp="2022-11-29T00:00:11 IST" skipped="0">
  <testcase classname="com.testLayer.CreateAccountTest" name="verifyAccount" time="41.534"/>
  <system-out/>
</testsuite> <!-- com.testLayer.CreateAccountTest -->
