<?xml version="1.0" encoding="UTF-8"?>
<!-- Generated by org.testng.reporters.JUnitReportReporter -->
<testsuite hostname="Atul-PC" failures="0" tests="1" name="com.testLayer.LoginPageTest" time="39.537" errors="0" timestamp="2022-11-28T23:31:53 IST" skipped="0">
  <testcase classname="com.testLayer.LoginPageTest" name="verifyLoginTest" time="39.537"/>
  <system-out/>
</testsuite> <!-- com.testLayer.LoginPageTest -->
