<?xml version="1.0" encoding="UTF-8"?>
<!-- Generated by org.testng.reporters.JUnitReportReporter -->
<testsuite hostname="Atul-PC" failures="0" tests="1" name="com.testLayer.LoginPageTest" time="25.341" errors="0" timestamp="2022-11-29T15:15:01 IST" skipped="0">
  <testcase classname="com.testLayer.LoginPageTest" name="verifyLoginTest" time="25.341"/>
  <system-out/>
</testsuite> <!-- com.testLayer.LoginPageTest -->
