<?xml version="1.0" encoding="UTF-8"?>
<!-- Generated by org.testng.reporters.JUnitReportReporter -->
<testsuite hostname="Atul-PC" failures="0" tests="1" name="com.testLayer.LoginPageTest" time="30.286" errors="0" timestamp="2022-11-21T18:39:38 IST" skipped="0">
  <testcase classname="com.testLayer.LoginPageTest" name="verifyLoginTest" time="30.286"/>
  <system-out/>
</testsuite> <!-- com.testLayer.LoginPageTest -->
