<?xml version="1.0" encoding="UTF-8"?>
<!-- Generated by org.testng.reporters.JUnitReportReporter -->
<testsuite hostname="Atul-PC" failures="0" tests="1" name="com.testLayer.TradeNowTest" time="42.794" errors="0" timestamp="2022-11-17T00:46:22 IST" skipped="0">
  <testcase classname="com.testLayer.TradeNowTest" name="VerifyTradeNow" time="42.794"/>
  <system-out/>
</testsuite> <!-- com.testLayer.TradeNowTest -->
