<?xml version="1.0" encoding="UTF-8"?>
<!-- Generated by org.testng.reporters.JUnitReportReporter -->
<testsuite hostname="Atul-PC" failures="0" tests="1" name="com.testLayer.TradeNowTest" time="36.651" errors="0" timestamp="2022-11-21T18:13:07 IST" skipped="0">
  <testcase classname="com.testLayer.TradeNowTest" name="VerifyTradeNow" time="36.651"/>
  <system-out/>
</testsuite> <!-- com.testLayer.TradeNowTest -->
