<?xml version="1.0" encoding="UTF-8"?>
<!-- Generated by org.testng.reporters.JUnitReportReporter -->
<testsuite hostname="DESKTOP-1CCS179" failures="0" tests="1" name="com.testBase.TestBase" time="19.367" errors="0" timestamp="2022-10-21T09:48:25 IST" skipped="0">
  <testcase classname="com.testBase.TestBase" name="setUp" time="19.367"/>
  <system-out/>
</testsuite> <!-- com.testBase.TestBase -->
