<?xml version="1.0" encoding="UTF-8"?>
<!-- Generated by org.testng.reporters.JUnitReportReporter -->
<testsuite hostname="DESKTOP-1CCS179" failures="0" tests="1" name="com.testLayer.GetTranscationData" time="16.037" errors="0" timestamp="2022-10-29T10:18:43 IST" skipped="0">
  <testcase classname="com.testLayer.GetTranscationData" name="getData" time="16.037"/>
  <system-out/>
</testsuite> <!-- com.testLayer.GetTranscationData -->
