<?xml version="1.0" encoding="UTF-8"?>
<!-- Generated by org.testng.reporters.JUnitReportReporter -->
<testsuite hostname="DESKTOP-1CCS179" failures="0" tests="1" name="com.testLayer.LoginpageTest" time="13.732" errors="0" timestamp="2022-10-21T10:27:26 IST" skipped="0">
  <testcase classname="com.testLayer.LoginpageTest" name="verifyLoginTest" time="13.732"/>
  <system-out/>
</testsuite> <!-- com.testLayer.LoginpageTest -->
