<?xml version="1.0" encoding="UTF-8"?>
<!-- Generated by org.testng.reporters.JUnitReportReporter -->
<testsuite hostname="Atul-PC" failures="0" tests="1" name="MyMaven.PractiseMaven.AppTest" time="0.023" errors="0" timestamp="2022-10-19T19:13:40 IST" skipped="0">
  <testcase classname="MyMaven.PractiseMaven.AppTest" name="shouldAnswerWithTrue" time="0.023"/>
  <system-out/>
</testsuite> <!-- MyMaven.PractiseMaven.AppTest -->
