<?xml version="1.0" encoding="UTF-8"?>
<!-- Generated by org.testng.reporters.JUnitReportReporter -->
<testsuite hostname="Atul-PC" failures="0" tests="1" name="annotations.TestNgAnnotations" time="0.017" errors="0" timestamp="2022-10-06T20:28:04 IST" skipped="0">
  <testcase classname="annotations.TestNgAnnotations" name="test1" time="0.017"/>
  <system-out/>
</testsuite> <!-- annotations.TestNgAnnotations -->
