<?xml version="1.0" encoding="UTF-8"?>
<!-- Generated by org.testng.reporters.JUnitReportReporter -->
<testsuite hostname="Atul-PC" failures="0" tests="1" name="actiTime.Test" time="2.498" errors="0" timestamp="2022-10-08T13:16:20 IST" skipped="0">
  <testcase classname="actiTime.Test" name="logoVerify" time="2.498"/>
  <system-out/>
</testsuite> <!-- actiTime.Test -->
