<?xml version="1.0" encoding="UTF-8"?>
<!-- Generated by org.testng.reporters.JUnitReportReporter -->
<testsuite hostname="Atul-PC" failures="0" tests="1" name="actiTime.ActiTimeTest" time="2.510" errors="0" timestamp="2022-10-19T18:23:05 IST" skipped="0">
  <testcase classname="actiTime.ActiTimeTest" name="logoVerify" time="2.510"/>
  <system-out/>
</testsuite> <!-- actiTime.ActiTimeTest -->
